<?xml version="1.0" encoding="UTF-8"?>
<testng-results ignored="0" total="2" passed="2" failed="0" skipped="0">
  <reporter-output>
  </reporter-output>
  <suite started-at="2023-10-20T09:04:45 IST" name="Suite" finished-at="2023-10-20T09:05:12 IST" duration-ms="27076">
    <groups>
    </groups>
    <test started-at="2023-10-20T09:04:45 IST" name="Test" finished-at="2023-10-20T09:05:12 IST" duration-ms="27076">
      <class name="testcases.SearchTestCases">
        <test-method is-config="true" signature="LaunchBrowserandUrl()[pri:0, instance:testcases.SearchTestCases@235834f2]" started-at="2023-10-20T09:04:45 IST" name="LaunchBrowserandUrl" finished-at="2023-10-20T09:04:53 IST" duration-ms="7669" status="PASS">
          <reporter-output>
          </reporter-output>
        </test-method> <!-- LaunchBrowserandUrl -->
        <test-method signature="Search()[pri:0, instance:testcases.SearchTestCases@235834f2]" started-at="2023-10-20T09:04:53 IST" name="Search" finished-at="2023-10-20T09:05:05 IST" duration-ms="12397" status="PASS">
          <reporter-output>
          </reporter-output>
        </test-method> <!-- Search -->
      </class> <!-- testcases.SearchTestCases -->
      <class name="testcases.logintestcases">
        <test-method is-config="true" signature="LaunchBrowserandUrl()[pri:0, instance:testcases.logintestcases@36ebc363]" started-at="2023-10-20T09:05:05 IST" name="LaunchBrowserandUrl" finished-at="2023-10-20T09:05:09 IST" duration-ms="4295" status="PASS">
          <reporter-output>
          </reporter-output>
        </test-method> <!-- LaunchBrowserandUrl -->
        <test-method signature="Login()[pri:0, instance:testcases.logintestcases@36ebc363]" started-at="2023-10-20T09:05:09 IST" name="Login" finished-at="2023-10-20T09:05:12 IST" duration-ms="2601" status="PASS">
          <reporter-output>
          </reporter-output>
        </test-method> <!-- Login -->
      </class> <!-- testcases.logintestcases -->
    </test> <!-- Test -->
  </suite> <!-- Suite -->
</testng-results>
